<?xml version="1.0" encoding="UTF-8"?>
<testng-results ignored="0" total="2" passed="2" failed="0" skipped="0">
  <reporter-output>
  </reporter-output>
  <suite started-at="2020-06-07T08:44:29Z" name="Suite" finished-at="2020-06-07T08:46:32Z" duration-ms="123779">
    <groups>
    </groups>
    <test started-at="2020-06-07T08:44:29Z" name="Test" finished-at="2020-06-07T08:46:32Z" duration-ms="123779">
      <class name="com.testCases.CheckOut">
        <test-method is-config="true" signature="beforeClass(java.lang.String, java.lang.String)[pri:0, instance:com.testCases.CheckOut@79ca92b9]" started-at="2020-06-07T08:45:03Z" name="beforeClass" finished-at="2020-06-07T08:45:25Z" duration-ms="22703" status="PASS">
          <params>
            <param index="0">
              <value>
                <![CDATA[Chrome]]>
              </value>
            </param>
            <param index="1">
              <value>
                <![CDATA[http://automationpractice.com]]>
              </value>
            </param>
          </params>
          <reporter-output>
          </reporter-output>
        </test-method> <!-- beforeClass -->
        <test-method signature="CheckOutOrder(java.lang.String, java.lang.String, java.lang.String)[pri:0, instance:com.testCases.CheckOut@79ca92b9]" started-at="2020-06-07T08:45:25Z" name="CheckOutOrder" finished-at="2020-06-07T08:46:32Z" duration-ms="66881" status="PASS">
          <params>
            <param index="0">
              <value>
                <![CDATA[http://automationpractice.com]]>
              </value>
            </param>
            <param index="1">
              <value>
                <![CDATA[test789@yopmail.com]]>
              </value>
            </param>
            <param index="2">
              <value>
                <![CDATA[12345]]>
              </value>
            </param>
          </params>
          <reporter-output>
          </reporter-output>
        </test-method> <!-- CheckOutOrder -->
        <test-method is-config="true" signature="afterClass()[pri:0, instance:com.testCases.CheckOut@79ca92b9]" started-at="2020-06-07T08:46:32Z" name="afterClass" finished-at="2020-06-07T08:46:32Z" duration-ms="79" status="PASS">
          <reporter-output>
          </reporter-output>
        </test-method> <!-- afterClass -->
      </class> <!-- com.testCases.CheckOut -->
      <class name="com.testCases.RegistrationTest">
        <test-method is-config="true" signature="beforeClass(java.lang.String, java.lang.String)[pri:0, instance:com.testCases.RegistrationTest@8909f18]" started-at="2020-06-07T08:44:29Z" name="beforeClass" finished-at="2020-06-07T08:44:48Z" duration-ms="19572" status="PASS">
          <params>
            <param index="0">
              <value>
                <![CDATA[Chrome]]>
              </value>
            </param>
            <param index="1">
              <value>
                <![CDATA[http://automationpractice.com]]>
              </value>
            </param>
          </params>
          <reporter-output>
          </reporter-output>
        </test-method> <!-- beforeClass -->
        <test-method signature="registration(java.lang.String)[pri:0, instance:com.testCases.RegistrationTest@8909f18]" started-at="2020-06-07T08:44:48Z" name="registration" finished-at="2020-06-07T08:45:03Z" duration-ms="14401" status="PASS">
          <params>
            <param index="0">
              <value>
                <![CDATA[http://automationpractice.com]]>
              </value>
            </param>
          </params>
          <reporter-output>
          </reporter-output>
        </test-method> <!-- registration -->
        <test-method is-config="true" signature="afterClass()[pri:0, instance:com.testCases.RegistrationTest@8909f18]" started-at="2020-06-07T08:45:03Z" name="afterClass" finished-at="2020-06-07T08:45:03Z" duration-ms="84" status="PASS">
          <reporter-output>
          </reporter-output>
        </test-method> <!-- afterClass -->
      </class> <!-- com.testCases.RegistrationTest -->
    </test> <!-- Test -->
  </suite> <!-- Suite -->
</testng-results>
